Using pre-set license
Built from '2020.3/staging' branch; Version is '2020.3.25f1 (9b9180224418) revision 10195328'; Using compiler version '192528614'; Build Type 'Release'
OS: 'Windows 10  (10.0.19043) 64bit Education' Language: 'en' Physical Memory: 16238 MB
BatchMode: 1, IsHumanControllingUs: 0, StartBugReporterOnCrash: 0, Is64bit: 1, IsPro: 0

COMMAND LINE ARGUMENTS:
C:\Program Files\Unity\Hub\Editor\2020.3.25f1\Editor\Unity.exe
-adb2
-batchMode
-noUpm
-name
AssetImportWorker0
-projectPath
C:/Users/Stephen/Documents/git/gmtk2019
-logFile
Logs/AssetImportWorker0.log
-srvPort
1169
Successfully changed project path to: C:/Users/Stephen/Documents/git/gmtk2019
C:/Users/Stephen/Documents/git/gmtk2019
Using Asset Import Pipeline V2.
Refreshing native plugins compatible for Editor in 155.72 ms, found 2 plugins.
Preloading 0 native plugins for Editor in 0.00 ms.
Initialize engine version: 2020.3.25f1 (9b9180224418)
[Subsystems] Discovering subsystems at path C:/Program Files/Unity/Hub/Editor/2020.3.25f1/Editor/Data/Resources/UnitySubsystems
[Subsystems] Discovering subsystems at path C:/Users/Stephen/Documents/git/gmtk2019/Assets
GfxDevice: creating device client; threaded=0
Direct3D:
    Version:  Direct3D 11.0 [level 11.1]
    Renderer: Intel(R) UHD Graphics 630 (ID=0x3e9b)
    Vendor:   
    VRAM:     8119 MB
    Driver:   27.20.100.8783
Shader 'Lightweight Render Pipeline/2D/Sprite-Lit-Stencil': fallback shader 'Hidden/Sprite-Fallback' not found
Initialize mono
Mono path[0] = 'C:/Program Files/Unity/Hub/Editor/2020.3.25f1/Editor/Data/Managed'
Mono path[1] = 'C:/Program Files/Unity/Hub/Editor/2020.3.25f1/Editor/Data/MonoBleedingEdge/lib/mono/unityjit'
Mono config path = 'C:/Program Files/Unity/Hub/Editor/2020.3.25f1/Editor/Data/MonoBleedingEdge/etc'
Using monoOptions --debugger-agent=transport=dt_socket,embedding=1,server=y,suspend=n,address=127.0.0.1:56748
Begin MonoManager ReloadAssembly
Registering precompiled unity dll's ...
Register platform support module: C:/Program Files/Unity/Hub/Editor/2020.3.25f1/Editor/Data/PlaybackEngines/WebGLSupport/UnityEditor.WebGL.Extensions.dll
Register platform support module: C:/Program Files/Unity/Hub/Editor/2020.3.25f1/Editor/Data/PlaybackEngines/MacStandaloneSupport/UnityEditor.OSXStandalone.Extensions.dll
Register platform support module: C:/Program Files/Unity/Hub/Editor/2020.3.25f1/Editor/Data/PlaybackEngines/WindowsStandaloneSupport/UnityEditor.WindowsStandalone.Extensions.dll
Register platform support module: C:/Program Files/Unity/Hub/Editor/2020.3.25f1/Editor/Data/PlaybackEngines/LinuxStandaloneSupport/UnityEditor.LinuxStandalone.Extensions.dll
Registered in 0.004791 seconds.
Native extension for LinuxStandalone target not found
Native extension for WindowsStandalone target not found
Native extension for OSXStandalone target not found
Native extension for WebGL target not found
Refreshing native plugins compatible for Editor in 129.64 ms, found 2 plugins.
Preloading 0 native plugins for Editor in 0.00 ms.
Mono: successfully reloaded assembly
- Completed reload, in  1.002 seconds
Domain Reload Profiling:
	ReloadAssembly (1002ms)
		BeginReloadAssembly (75ms)
			ExecutionOrderSort (0ms)
			DisableScriptedObjects (0ms)
			BackupInstance (0ms)
			ReleaseScriptingObjects (0ms)
			CreateAndSetChildDomain (1ms)
		EndReloadAssembly (823ms)
			LoadAssemblies (73ms)
			RebuildTransferFunctionScriptingTraits (0ms)
			SetupTypeCache (227ms)
			ReleaseScriptCaches (0ms)
			RebuildScriptCaches (53ms)
			SetupLoadedEditorAssemblies (370ms)
				LogAssemblyErrors (0ms)
				InitializePlatformSupportModulesInManaged (11ms)
				SetLoadedEditorAssemblies (0ms)
				RefreshPlugins (130ms)
				BeforeProcessingInitializeOnLoad (31ms)
				ProcessInitializeOnLoadAttributes (149ms)
				ProcessInitializeOnLoadMethodAttributes (50ms)
				AfterProcessingInitializeOnLoad (0ms)
				EditorAssembliesLoaded (0ms)
			ExecutionOrderSort2 (0ms)
			AwakeInstancesAfterBackupRestoration (0ms)
Platform modules already initialized, skipping
Registering precompiled user dll's ...
Registered in 0.011325 seconds.
Begin MonoManager ReloadAssembly
Native extension for LinuxStandalone target not found
Native extension for WindowsStandalone target not found
Native extension for OSXStandalone target not found
Native extension for WebGL target not found
Refreshing native plugins compatible for Editor in 111.55 ms, found 2 plugins.
Preloading 0 native plugins for Editor in 0.00 ms.
Mono: successfully reloaded assembly
- Completed reload, in  1.805 seconds
Domain Reload Profiling:
	ReloadAssembly (1806ms)
		BeginReloadAssembly (188ms)
			ExecutionOrderSort (0ms)
			DisableScriptedObjects (6ms)
			BackupInstance (0ms)
			ReleaseScriptingObjects (0ms)
			CreateAndSetChildDomain (22ms)
		EndReloadAssembly (1533ms)
			LoadAssemblies (134ms)
			RebuildTransferFunctionScriptingTraits (0ms)
			SetupTypeCache (489ms)
			ReleaseScriptCaches (1ms)
			RebuildScriptCaches (74ms)
			SetupLoadedEditorAssemblies (658ms)
				LogAssemblyErrors (0ms)
				InitializePlatformSupportModulesInManaged (9ms)
				SetLoadedEditorAssemblies (0ms)
				RefreshPlugins (112ms)
				BeforeProcessingInitializeOnLoad (161ms)
				ProcessInitializeOnLoadAttributes (309ms)
				ProcessInitializeOnLoadMethodAttributes (57ms)
				AfterProcessingInitializeOnLoad (9ms)
				EditorAssembliesLoaded (0ms)
			ExecutionOrderSort2 (0ms)
			AwakeInstancesAfterBackupRestoration (9ms)
Platform modules already initialized, skipping
========================================================================
Worker process is ready to serve import requests
Shader 'Lightweight Render Pipeline/2D/Sprite-Lit-Stencil': fallback shader 'Hidden/Sprite-Fallback' not found
Launched and connected shader compiler UnityShaderCompiler.exe after 0.09 seconds
Refreshing native plugins compatible for Editor in 1.24 ms, found 2 plugins.
Preloading 0 native plugins for Editor in 0.00 ms.
Unloading 3968 Unused Serialized files (Serialized files now loaded: 0)
System memory in use before: 170.2 MB.
System memory in use after: 170.4 MB.

Unloading 60 unused Assets to reduce memory usage. Loaded Objects now: 4373.
Total: 7.972900 ms (FindLiveObjects: 0.358500 ms CreateObjectMapping: 0.321900 ms MarkObjects: 7.177100 ms  DeleteObjects: 0.114000 ms)

AssetImportParameters requested are different than current active one (requested -> active):
  custom:framework-win-MediaFoundation: 216162199b28c13a410421893ffa2e32 -> 
  custom:video-decoder-ogg-theora: a1e56fd34408186e4bbccfd4996cb3dc -> 
  custom:container-muxer-webm: aa71ff27fc2769a1b78a27578f13a17b -> 
  custom:container-demuxer-webm: 4f35f7cbe854078d1ac9338744f61a02 -> 
  custom:container-demuxer-ogg: 62fdf1f143b41e24485cea50d1cbac27 -> 
  custom:video-encoder-webm-vp8: eb34c28f22e8b96e1ab97ce403110664 -> 
  custom:video-decoder-webm-vp8: 9c59270c3fd7afecdb556c50c9e8de78 -> 
  custom:audio-decoder-ogg-vorbis: bf7c407c2cedff20999df2af8eb42d56 -> 
  custom:audio-encoder-webm-vorbis: bf7c407c2cedff20999df2af8eb42d56 -> 
========================================================================
Received Import Request.
  path: Assets/ForwardRenderer.asset
  artifactKey: Guid(8c83ae48aebecdb4bbfcf49854103d30) Importer(815301076,1909f56bfc062723c751e8b465ee728b)
Start importing Assets/ForwardRenderer.asset using Guid(8c83ae48aebecdb4bbfcf49854103d30) Importer(815301076,1909f56bfc062723c751e8b465ee728b)  -> (artifact id: 'e99902a12b5e8717947f702451573380') in 0.067972 seconds 
  Import took 0.075290 seconds .

========================================================================
Received Import Request.
  Time since last request: 0.000243 seconds.
  path: Assets/2DRenderer.asset
  artifactKey: Guid(2ba03619f67731e4490d275e01799911) Importer(815301076,1909f56bfc062723c751e8b465ee728b)
Start importing Assets/2DRenderer.asset using Guid(2ba03619f67731e4490d275e01799911) Importer(815301076,1909f56bfc062723c751e8b465ee728b)  -> (artifact id: '54fa4bcab35059c5f5f2cdc68fcb6ed3') in 0.012163 seconds 
  Import took 0.020813 seconds .

========================================================================
Received Import Request.
  Time since last request: 0.000275 seconds.
  path: Assets/LWRP Asset.asset
  artifactKey: Guid(de8c038485cdf4d47aeeb674bedbddf3) Importer(815301076,1909f56bfc062723c751e8b465ee728b)
Start importing Assets/LWRP Asset.asset using Guid(de8c038485cdf4d47aeeb674bedbddf3) Importer(815301076,1909f56bfc062723c751e8b465ee728b)  -> (artifact id: '1e3076b0a22ff2db7a87c7f44a645521') in 0.012543 seconds 
  Import took 0.022257 seconds .

========================================================================
Received Import Request.
  Time since last request: 0.000296 seconds.
  path: Assets/Readme.asset
  artifactKey: Guid(83c2ed844a8c74b779a4c823d16594b1) Importer(815301076,1909f56bfc062723c751e8b465ee728b)
Start importing Assets/Readme.asset using Guid(83c2ed844a8c74b779a4c823d16594b1) Importer(815301076,1909f56bfc062723c751e8b465ee728b)  -> (artifact id: 'dc02b276a1022a93f4daad84f9e8cb64') in 0.011565 seconds 
  Import took 0.021350 seconds .

========================================================================
Received Import Request.
  Time since last request: 8.959457 seconds.
  path: Assets/Scenes/MainMenu.unity
  artifactKey: Guid(d4f32daa564cc0b4990f360d9abccc4d) Importer(815301076,1909f56bfc062723c751e8b465ee728b)
Start importing Assets/Scenes/MainMenu.unity using Guid(d4f32daa564cc0b4990f360d9abccc4d) Importer(815301076,1909f56bfc062723c751e8b465ee728b)  -> (artifact id: '50ed04edfd64ab67fa31767615320a84') in 0.008024 seconds 
  Import took 0.015180 seconds .

========================================================================
Received Import Request.
  Time since last request: 2.029471 seconds.
  path: Assets/Scenes/Stephen.unity
  artifactKey: Guid(be0beaf32df26954a90ab09308bc3cff) Importer(815301076,1909f56bfc062723c751e8b465ee728b)
Start importing Assets/Scenes/Stephen.unity using Guid(be0beaf32df26954a90ab09308bc3cff) Importer(815301076,1909f56bfc062723c751e8b465ee728b)  -> (artifact id: '13946865cd68142dfcaba761ee9c0c0b') in 0.011171 seconds 
  Import took 0.019535 seconds .

========================================================================
Received Import Request.
  Time since last request: 3.848104 seconds.
  path: Assets/Scenes/Patrick.unity
  artifactKey: Guid(02dcdffbddb806049952205c9063e6d8) Importer(815301076,1909f56bfc062723c751e8b465ee728b)
Start importing Assets/Scenes/Patrick.unity using Guid(02dcdffbddb806049952205c9063e6d8) Importer(815301076,1909f56bfc062723c751e8b465ee728b)  -> (artifact id: 'e5c1f5e46e0b258520a52a98b5bf8d96') in 0.010461 seconds 
  Import took 0.019115 seconds .

========================================================================
Received Import Request.
  Time since last request: 2.166562 seconds.
  path: Assets/Scenes/SampleScene.unity
  artifactKey: Guid(d1c3109bdb54ad54c8a2b2838528e640) Importer(815301076,1909f56bfc062723c751e8b465ee728b)
Start importing Assets/Scenes/SampleScene.unity using Guid(d1c3109bdb54ad54c8a2b2838528e640) Importer(815301076,1909f56bfc062723c751e8b465ee728b)  -> (artifact id: '0a82442882d0a8cf31ff337db30c9722') in 0.011260 seconds 
  Import took 0.020941 seconds .

========================================================================
Received Import Request.
  Time since last request: 7.877441 seconds.
  path: Assets/Scenes/Jacob.unity
  artifactKey: Guid(bfc25535c96c8ed45bb92147cbe88fc9) Importer(815301076,1909f56bfc062723c751e8b465ee728b)
Start importing Assets/Scenes/Jacob.unity using Guid(bfc25535c96c8ed45bb92147cbe88fc9) Importer(815301076,1909f56bfc062723c751e8b465ee728b)  -> (artifact id: 'ebbf0fccfde7e23b09c6a3c4d2dbf276') in 0.010729 seconds 
  Import took 0.020005 seconds .

========================================================================
Received Import Request.
  Time since last request: 2.725831 seconds.
  path: Assets/Scenes/jacob2.unity
  artifactKey: Guid(988d20b5f349fa3498552714c2605578) Importer(815301076,1909f56bfc062723c751e8b465ee728b)
Start importing Assets/Scenes/jacob2.unity using Guid(988d20b5f349fa3498552714c2605578) Importer(815301076,1909f56bfc062723c751e8b465ee728b)  -> (artifact id: '4014e97039a8afa2e05562c8c560ce10') in 0.008545 seconds 
  Import took 0.016396 seconds .

========================================================================
Received Import Request.
  Time since last request: 1.634914 seconds.
  path: Assets/Scenes/Levels
  artifactKey: Guid(f18a7fc5017538d40b27a68100df0381) Importer(815301076,1909f56bfc062723c751e8b465ee728b)
Start importing Assets/Scenes/Levels using Guid(f18a7fc5017538d40b27a68100df0381) Importer(815301076,1909f56bfc062723c751e8b465ee728b)  -> (artifact id: 'cff0b82e07e5d471c23e9d4b02e3d46b') in 0.009222 seconds 
  Import took 0.018006 seconds .

========================================================================
Received Import Request.
  Time since last request: 0.820669 seconds.
  path: Assets/Scenes/Levels/Level0.unity
  artifactKey: Guid(f95373225e2339e4d9791680bf041966) Importer(815301076,1909f56bfc062723c751e8b465ee728b)
Start importing Assets/Scenes/Levels/Level0.unity using Guid(f95373225e2339e4d9791680bf041966) Importer(815301076,1909f56bfc062723c751e8b465ee728b)  -> (artifact id: 'ad77ab5b71aed6dce1fef985faf56fc7') in 0.009978 seconds 
  Import took 0.018869 seconds .

========================================================================
Received Prepare
Registering precompiled user dll's ...
Registered in 0.008792 seconds.
Begin MonoManager ReloadAssembly
Native extension for LinuxStandalone target not found
Native extension for WindowsStandalone target not found
Native extension for OSXStandalone target not found
Native extension for WebGL target not found
Refreshing native plugins compatible for Editor in 1.18 ms, found 2 plugins.
Preloading 0 native plugins for Editor in 0.00 ms.
Mono: successfully reloaded assembly
- Completed reload, in  1.535 seconds
Domain Reload Profiling:
	ReloadAssembly (1536ms)
		BeginReloadAssembly (150ms)
			ExecutionOrderSort (0ms)
			DisableScriptedObjects (7ms)
			BackupInstance (0ms)
			ReleaseScriptingObjects (0ms)
			CreateAndSetChildDomain (45ms)
		EndReloadAssembly (1302ms)
			LoadAssemblies (128ms)
			RebuildTransferFunctionScriptingTraits (0ms)
			SetupTypeCache (454ms)
			ReleaseScriptCaches (2ms)
			RebuildScriptCaches (51ms)
			SetupLoadedEditorAssemblies (512ms)
				LogAssemblyErrors (0ms)
				InitializePlatformSupportModulesInManaged (9ms)
				SetLoadedEditorAssemblies (1ms)
				RefreshPlugins (1ms)
				BeforeProcessingInitializeOnLoad (143ms)
				ProcessInitializeOnLoadAttributes (294ms)
				ProcessInitializeOnLoadMethodAttributes (54ms)
				AfterProcessingInitializeOnLoad (10ms)
				EditorAssembliesLoaded (0ms)
			ExecutionOrderSort2 (0ms)
			AwakeInstancesAfterBackupRestoration (14ms)
Platform modules already initialized, skipping
Shader 'Lightweight Render Pipeline/2D/Sprite-Lit-Stencil': fallback shader 'Hidden/Sprite-Fallback' not found
Refreshing native plugins compatible for Editor in 1.35 ms, found 2 plugins.
Preloading 0 native plugins for Editor in 0.00 ms.
Unloading 3800 Unused Serialized files (Serialized files now loaded: 0)
System memory in use before: 157.2 MB.
System memory in use after: 157.4 MB.

Unloading 51 unused Assets to reduce memory usage. Loaded Objects now: 4377.
Total: 7.590600 ms (FindLiveObjects: 0.341500 ms CreateObjectMapping: 0.295400 ms MarkObjects: 6.874800 ms  DeleteObjects: 0.077800 ms)

AssetImportParameters requested are different than current active one (requested -> active):
  custom:framework-win-MediaFoundation: 216162199b28c13a410421893ffa2e32 -> 
  custom:video-decoder-ogg-theora: a1e56fd34408186e4bbccfd4996cb3dc -> 
  custom:container-muxer-webm: aa71ff27fc2769a1b78a27578f13a17b -> 
  custom:container-demuxer-webm: 4f35f7cbe854078d1ac9338744f61a02 -> 
  custom:container-demuxer-ogg: 62fdf1f143b41e24485cea50d1cbac27 -> 
  custom:video-encoder-webm-vp8: eb34c28f22e8b96e1ab97ce403110664 -> 
  custom:video-decoder-webm-vp8: 9c59270c3fd7afecdb556c50c9e8de78 -> 
  custom:audio-decoder-ogg-vorbis: bf7c407c2cedff20999df2af8eb42d56 -> 
  custom:audio-encoder-webm-vorbis: bf7c407c2cedff20999df2af8eb42d56 -> 
AssetImportWorkerClient::OnTransportError - code=2 error=End of file
